<?xml version="1.0" encoding="UTF-8"?>
<coverage generated="1518807371834" clover="3.2.0">
  <project timestamp="1518807371834" name="All files">
    <metrics statements="86" coveredstatements="79" conditionals="21" coveredconditionals="11" methods="20" coveredmethods="19" elements="127" coveredelements="109" complexity="0" loc="86" ncloc="86" packages="5" files="11" classes="11">
      <package name="models">
        <metrics statements="26" coveredstatements="24" conditionals="9" coveredconditionals="6" methods="5" coveredmethods="5"/>
        <file name="index.js" path="/Users/maheshhp/Documents/ShopSocial/models/index.js">
          <metrics statements="20" coveredstatements="18" conditionals="9" coveredconditionals="6" methods="3" coveredmethods="3"/>
          <line num="3" count="6" type="stmt"/>
          <line num="4" count="6" type="stmt"/>
          <line num="5" count="6" type="stmt"/>
          <line num="7" count="6" type="stmt"/>
          <line num="8" count="6" type="cond" truecount="1" falsecount="1"/>
          <line num="9" count="6" type="stmt"/>
          <line num="10" count="6" type="stmt"/>
          <line num="12" count="6" type="cond" truecount="1" falsecount="1"/>
          <line num="13" count="0" type="stmt"/>
          <line num="15" count="6" type="stmt"/>
          <line num="18" count="6" type="stmt"/>
          <line num="20" count="18" type="cond" truecount="3" falsecount="0"/>
          <line num="22" count="12" type="stmt"/>
          <line num="23" count="12" type="stmt"/>
          <line num="26" count="6" type="stmt"/>
          <line num="27" count="12" type="cond" truecount="1" falsecount="1"/>
          <line num="28" count="0" type="stmt"/>
          <line num="32" count="6" type="stmt"/>
          <line num="33" count="6" type="stmt"/>
          <line num="35" count="6" type="stmt"/>
        </file>
        <file name="productdetails.js" path="/Users/maheshhp/Documents/ShopSocial/models/productdetails.js">
          <metrics statements="3" coveredstatements="3" conditionals="0" coveredconditionals="0" methods="1" coveredmethods="1"/>
          <line num="1" count="6" type="stmt"/>
          <line num="2" count="6" type="stmt"/>
          <line num="22" count="6" type="stmt"/>
        </file>
        <file name="userdetails.js" path="/Users/maheshhp/Documents/ShopSocial/models/userdetails.js">
          <metrics statements="3" coveredstatements="3" conditionals="0" coveredconditionals="0" methods="1" coveredmethods="1"/>
          <line num="2" count="6" type="stmt"/>
          <line num="3" count="6" type="stmt"/>
          <line num="17" count="6" type="stmt"/>
        </file>
      </package>
      <package name="src">
        <metrics statements="14" coveredstatements="9" conditionals="10" coveredconditionals="3" methods="1" coveredmethods="0"/>
        <file name="server.js" path="/Users/maheshhp/Documents/ShopSocial/src/server.js">
          <metrics statements="14" coveredstatements="9" conditionals="10" coveredconditionals="3" methods="1" coveredmethods="0"/>
          <line num="1" count="3" type="stmt"/>
          <line num="2" count="3" type="stmt"/>
          <line num="4" count="3" type="stmt"/>
          <line num="7" count="3" type="cond" truecount="1" falsecount="1"/>
          <line num="8" count="3" type="cond" truecount="1" falsecount="1"/>
          <line num="10" count="0" type="cond" truecount="0" falsecount="2"/>
          <line num="13" count="3" type="stmt"/>
          <line num="18" count="3" type="stmt"/>
          <line num="20" count="3" type="cond" truecount="1" falsecount="1"/>
          <line num="21" count="0" type="stmt"/>
          <line num="22" count="0" type="cond" truecount="0" falsecount="2"/>
          <line num="23" count="0" type="stmt"/>
          <line num="25" count="0" type="stmt"/>
          <line num="29" count="3" type="stmt"/>
        </file>
      </package>
      <package name="src.routes">
        <metrics statements="6" coveredstatements="6" conditionals="0" coveredconditionals="0" methods="1" coveredmethods="1"/>
        <file name="getRequest.js" path="/Users/maheshhp/Documents/ShopSocial/src/routes/getRequest.js">
          <metrics statements="2" coveredstatements="2" conditionals="0" coveredconditionals="0" methods="1" coveredmethods="1"/>
          <line num="1" count="3" type="stmt"/>
          <line num="6" count="1" type="stmt"/>
        </file>
        <file name="index.js" path="/Users/maheshhp/Documents/ShopSocial/src/routes/index.js">
          <metrics statements="4" coveredstatements="4" conditionals="0" coveredconditionals="0" methods="0" coveredmethods="0"/>
          <line num="1" count="3" type="stmt"/>
          <line num="2" count="3" type="stmt"/>
          <line num="3" count="3" type="stmt"/>
          <line num="5" count="3" type="stmt"/>
        </file>
      </package>
      <package name="src.routes.api.v1.products">
        <metrics statements="11" coveredstatements="11" conditionals="0" coveredconditionals="0" methods="2" coveredmethods="2"/>
        <file name="getProductById.js" path="/Users/maheshhp/Documents/ShopSocial/src/routes/api/v1/products/getProductById.js">
          <metrics statements="5" coveredstatements="5" conditionals="0" coveredconditionals="0" methods="1" coveredmethods="1"/>
          <line num="1" count="4" type="stmt"/>
          <line num="3" count="4" type="stmt"/>
          <line num="4" count="5" type="stmt"/>
          <line num="8" count="5" type="stmt"/>
          <line num="11" count="4" type="stmt"/>
        </file>
        <file name="getProductsByCategoryAndPrice.js" path="/Users/maheshhp/Documents/ShopSocial/src/routes/api/v1/products/getProductsByCategoryAndPrice.js">
          <metrics statements="6" coveredstatements="6" conditionals="0" coveredconditionals="0" methods="1" coveredmethods="1"/>
          <line num="1" count="4" type="stmt"/>
          <line num="3" count="4" type="stmt"/>
          <line num="4" count="5" type="stmt"/>
          <line num="5" count="5" type="stmt"/>
          <line num="9" count="5" type="stmt"/>
          <line num="12" count="4" type="stmt"/>
        </file>
      </package>
      <package name="src.routes.api.v1.products.add">
        <metrics statements="35" coveredstatements="33" conditionals="6" coveredconditionals="4" methods="11" coveredmethods="11"/>
        <file name="addProductById.js" path="/Users/maheshhp/Documents/ShopSocial/src/routes/api/v1/products/add/addProductById.js">
          <metrics statements="11" coveredstatements="10" conditionals="2" coveredconditionals="1" methods="4" coveredmethods="4"/>
          <line num="1" count="3" type="stmt"/>
          <line num="2" count="3" type="stmt"/>
          <line num="4" count="3" type="stmt"/>
          <line num="9" count="3" type="stmt"/>
          <line num="10" count="2" type="stmt"/>
          <line num="11" count="2" type="stmt"/>
          <line num="12" count="2" type="stmt"/>
          <line num="13" count="2" type="cond" truecount="1" falsecount="1"/>
          <line num="14" count="2" type="stmt"/>
          <line num="19" count="0" type="stmt"/>
          <line num="26" count="1" type="stmt"/>
        </file>
        <file name="addProductsByCategoryAndPrice.js" path="/Users/maheshhp/Documents/ShopSocial/src/routes/api/v1/products/add/addProductsByCategoryAndPrice.js">
          <metrics statements="14" coveredstatements="13" conditionals="2" coveredconditionals="1" methods="5" coveredmethods="5"/>
          <line num="1" count="3" type="stmt"/>
          <line num="2" count="3" type="stmt"/>
          <line num="4" count="3" type="stmt"/>
          <line num="9" count="3" type="stmt"/>
          <line num="10" count="3" type="stmt"/>
          <line num="11" count="2" type="stmt"/>
          <line num="12" count="2" type="stmt"/>
          <line num="13" count="2" type="stmt"/>
          <line num="14" count="2" type="stmt"/>
          <line num="15" count="4" type="cond" truecount="1" falsecount="1"/>
          <line num="16" count="4" type="stmt"/>
          <line num="18" count="0" type="stmt"/>
          <line num="21" count="2" type="stmt"/>
          <line num="27" count="1" type="stmt"/>
        </file>
        <file name="addProductsToDatabase.js" path="/Users/maheshhp/Documents/ShopSocial/src/routes/api/v1/products/add/addProductsToDatabase.js">
          <metrics statements="10" coveredstatements="10" conditionals="2" coveredconditionals="2" methods="2" coveredmethods="2"/>
          <line num="1" count="4" type="stmt"/>
          <line num="3" count="4" type="stmt"/>
          <line num="4" count="7" type="stmt"/>
          <line num="5" count="7" type="cond" truecount="2" falsecount="0"/>
          <line num="6" count="1" type="stmt"/>
          <line num="8" count="6" type="stmt"/>
          <line num="9" count="9" type="stmt"/>
          <line num="20" count="9" type="stmt"/>
          <line num="22" count="6" type="stmt"/>
          <line num="25" count="4" type="stmt"/>
        </file>
      </package>
    </metrics>
  </project>
</coverage>
