{"/Users/maheshhp/Documents/ShopSocial/models/index.js": {"path":"/Users/maheshhp/Documents/ShopSocial/models/index.js","statementMap":{"0":{"start":{"line":3,"column":11},"end":{"line":3,"column":24}},"1":{"start":{"line":4,"column":13},"end":{"line":4,"column":28}},"2":{"start":{"line":5,"column":18},"end":{"line":5,"column":38}},"3":{"start":{"line":7,"column":17},"end":{"line":7,"column":42}},"4":{"start":{"line":8,"column":12},"end":{"line":8,"column":49}},"5":{"start":{"line":9,"column":15},"end":{"line":9,"column":65}},"6":{"start":{"line":10,"column":11},"end":{"line":10,"column":13}},"7":{"start":{"line":12,"column":0},"end":{"line":16,"column":1}},"8":{"start":{"line":13,"column":18},"end":{"line":13,"column":77}},"9":{"start":{"line":15,"column":18},"end":{"line":15,"column":90}},"10":{"start":{"line":18,"column":0},"end":{"line":24,"column":5}},"11":{"start":{"line":20,"column":18},"end":{"line":20,"column":96}},"12":{"start":{"line":22,"column":18},"end":{"line":22,"column":62}},"13":{"start":{"line":23,"column":4},"end":{"line":23,"column":27}},"14":{"start":{"line":26,"column":0},"end":{"line":30,"column":3}},"15":{"start":{"line":27,"column":2},"end":{"line":29,"column":3}},"16":{"start":{"line":28,"column":4},"end":{"line":28,"column":32}},"17":{"start":{"line":32,"column":0},"end":{"line":32,"column":25}},"18":{"start":{"line":33,"column":0},"end":{"line":33,"column":25}},"19":{"start":{"line":35,"column":0},"end":{"line":35,"column":20}}},"fnMap":{"0":{"name":"(anonymous_0)","decl":{"start":{"line":20,"column":10},"end":{"line":20,"column":11}},"loc":{"start":{"line":20,"column":18},"end":{"line":20,"column":96}},"line":20},"1":{"name":"(anonymous_1)","decl":{"start":{"line":21,"column":11},"end":{"line":21,"column":12}},"loc":{"start":{"line":21,"column":21},"end":{"line":24,"column":3}},"line":21},"2":{"name":"(anonymous_2)","decl":{"start":{"line":26,"column":24},"end":{"line":26,"column":25}},"loc":{"start":{"line":26,"column":39},"end":{"line":30,"column":1}},"line":26}},"branchMap":{"0":{"loc":{"start":{"line":8,"column":12},"end":{"line":8,"column":49}},"type":"binary-expr","locations":[{"start":{"line":8,"column":12},"end":{"line":8,"column":32}},{"start":{"line":8,"column":36},"end":{"line":8,"column":49}}],"line":8},"1":{"loc":{"start":{"line":12,"column":0},"end":{"line":16,"column":1}},"type":"if","locations":[{"start":{"line":12,"column":0},"end":{"line":16,"column":1}},{"start":{"line":12,"column":0},"end":{"line":16,"column":1}}],"line":12},"2":{"loc":{"start":{"line":20,"column":18},"end":{"line":20,"column":96}},"type":"binary-expr","locations":[{"start":{"line":20,"column":19},"end":{"line":20,"column":42}},{"start":{"line":20,"column":48},"end":{"line":20,"column":65}},{"start":{"line":20,"column":71},"end":{"line":20,"column":95}}],"line":20},"3":{"loc":{"start":{"line":27,"column":2},"end":{"line":29,"column":3}},"type":"if","locations":[{"start":{"line":27,"column":2},"end":{"line":29,"column":3}},{"start":{"line":27,"column":2},"end":{"line":29,"column":3}}],"line":27}},"s":{"0":4,"1":4,"2":4,"3":4,"4":4,"5":4,"6":4,"7":4,"8":0,"9":4,"10":4,"11":12,"12":8,"13":8,"14":4,"15":8,"16":0,"17":4,"18":4,"19":4},"f":{"0":12,"1":8,"2":8},"b":{"0":[4,0],"1":[0,4],"2":[12,12,8],"3":[0,8]},"_coverageSchema":"332fd63041d2c1bcb487cc26dd0d5f7d97098a6c","hash":"6b39caa482c832d7f05a30b36cefe6ed3f786b57"}
,"/Users/maheshhp/Documents/ShopSocial/models/productdetails.js": {"path":"/Users/maheshhp/Documents/ShopSocial/models/productdetails.js","statementMap":{"0":{"start":{"line":2,"column":0},"end":{"line":24,"column":2}},"1":{"start":{"line":3,"column":25},"end":{"line":22,"column":4}},"2":{"start":{"line":23,"column":2},"end":{"line":23,"column":24}}},"fnMap":{"0":{"name":"(anonymous_0)","decl":{"start":{"line":2,"column":17},"end":{"line":2,"column":18}},"loc":{"start":{"line":2,"column":43},"end":{"line":24,"column":1}},"line":2}},"branchMap":{},"s":{"0":4,"1":4,"2":4},"f":{"0":4},"b":{},"_coverageSchema":"332fd63041d2c1bcb487cc26dd0d5f7d97098a6c","hash":"be5266284c834773376fd559f8ef2d4cdca9ea7f"}
,"/Users/maheshhp/Documents/ShopSocial/models/userdetails.js": {"path":"/Users/maheshhp/Documents/ShopSocial/models/userdetails.js","statementMap":{"0":{"start":{"line":2,"column":0},"end":{"line":18,"column":2}},"1":{"start":{"line":3,"column":22},"end":{"line":16,"column":4}},"2":{"start":{"line":17,"column":2},"end":{"line":17,"column":21}}},"fnMap":{"0":{"name":"(anonymous_0)","decl":{"start":{"line":2,"column":17},"end":{"line":2,"column":18}},"loc":{"start":{"line":2,"column":43},"end":{"line":18,"column":1}},"line":2}},"branchMap":{},"s":{"0":4,"1":4,"2":4},"f":{"0":4},"b":{},"_coverageSchema":"332fd63041d2c1bcb487cc26dd0d5f7d97098a6c","hash":"08d08b6fe472f9d4e1efef190adaa29c00a7d4d6"}
,"/Users/maheshhp/Documents/ShopSocial/src/server.js": {"path":"/Users/maheshhp/Documents/ShopSocial/src/server.js","statementMap":{"0":{"start":{"line":1,"column":13},"end":{"line":1,"column":28}},"1":{"start":{"line":2,"column":15},"end":{"line":2,"column":34}},"2":{"start":{"line":4,"column":15},"end":{"line":4,"column":32}},"3":{"start":{"line":7,"column":0},"end":{"line":11,"column":1}},"4":{"start":{"line":8,"column":2},"end":{"line":8,"column":89}},"5":{"start":{"line":10,"column":2},"end":{"line":10,"column":36}},"6":{"start":{"line":13,"column":0},"end":{"line":16,"column":3}},"7":{"start":{"line":18,"column":0},"end":{"line":18,"column":21}},"8":{"start":{"line":20,"column":0},"end":{"line":27,"column":1}},"9":{"start":{"line":21,"column":2},"end":{"line":26,"column":5}},"10":{"start":{"line":22,"column":4},"end":{"line":24,"column":5}},"11":{"start":{"line":23,"column":6},"end":{"line":23,"column":18}},"12":{"start":{"line":25,"column":4},"end":{"line":25,"column":56}},"13":{"start":{"line":29,"column":0},"end":{"line":29,"column":24}}},"fnMap":{"0":{"name":"(anonymous_0)","decl":{"start":{"line":21,"column":15},"end":{"line":21,"column":16}},"loc":{"start":{"line":21,"column":24},"end":{"line":26,"column":3}},"line":21}},"branchMap":{"0":{"loc":{"start":{"line":7,"column":0},"end":{"line":11,"column":1}},"type":"if","locations":[{"start":{"line":7,"column":0},"end":{"line":11,"column":1}},{"start":{"line":7,"column":0},"end":{"line":11,"column":1}}],"line":7},"1":{"loc":{"start":{"line":8,"column":11},"end":{"line":8,"column":88}},"type":"cond-expr","locations":[{"start":{"line":8,"column":77},"end":{"line":8,"column":81}},{"start":{"line":8,"column":84},"end":{"line":8,"column":88}}],"line":8},"2":{"loc":{"start":{"line":10,"column":11},"end":{"line":10,"column":35}},"type":"binary-expr","locations":[{"start":{"line":10,"column":11},"end":{"line":10,"column":27}},{"start":{"line":10,"column":31},"end":{"line":10,"column":35}}],"line":10},"3":{"loc":{"start":{"line":20,"column":0},"end":{"line":27,"column":1}},"type":"if","locations":[{"start":{"line":20,"column":0},"end":{"line":27,"column":1}},{"start":{"line":20,"column":0},"end":{"line":27,"column":1}}],"line":20},"4":{"loc":{"start":{"line":22,"column":4},"end":{"line":24,"column":5}},"type":"if","locations":[{"start":{"line":22,"column":4},"end":{"line":24,"column":5}},{"start":{"line":22,"column":4},"end":{"line":24,"column":5}}],"line":22}},"s":{"0":2,"1":2,"2":2,"3":2,"4":2,"5":0,"6":2,"7":2,"8":2,"9":0,"10":0,"11":0,"12":0,"13":2},"f":{"0":0},"b":{"0":[2,0],"1":[0,2],"2":[0,0],"3":[0,2],"4":[0,0]},"_coverageSchema":"332fd63041d2c1bcb487cc26dd0d5f7d97098a6c","hash":"08507df2dbaa46992440fa6ed59d8e65c628c348"}
,"/Users/maheshhp/Documents/ShopSocial/src/routes/getRequest.js": {"path":"/Users/maheshhp/Documents/ShopSocial/src/routes/getRequest.js","statementMap":{"0":{"start":{"line":1,"column":0},"end":{"line":9,"column":2}},"1":{"start":{"line":6,"column":6},"end":{"line":6,"column":24}}},"fnMap":{"0":{"name":"(anonymous_0)","decl":{"start":{"line":5,"column":13},"end":{"line":5,"column":14}},"loc":{"start":{"line":5,"column":36},"end":{"line":7,"column":5}},"line":5}},"branchMap":{},"s":{"0":2,"1":1},"f":{"0":1},"b":{},"_coverageSchema":"332fd63041d2c1bcb487cc26dd0d5f7d97098a6c","hash":"d5736026b7a52b092683bc8ed262e625cbdf0b7f"}
,"/Users/maheshhp/Documents/ShopSocial/src/routes/index.js": {"path":"/Users/maheshhp/Documents/ShopSocial/src/routes/index.js","statementMap":{"0":{"start":{"line":1,"column":19},"end":{"line":1,"column":42}},"1":{"start":{"line":2,"column":23},"end":{"line":2,"column":70}},"2":{"start":{"line":4,"column":0},"end":{"line":4,"column":55}}},"fnMap":{},"branchMap":{},"s":{"0":2,"1":2,"2":2},"f":{},"b":{},"_coverageSchema":"332fd63041d2c1bcb487cc26dd0d5f7d97098a6c","hash":"b557df22d81676ce8c5794ede1d26295307f5882"}
,"/Users/maheshhp/Documents/ShopSocial/src/routes/api/v1/products/getProductById.js": {"path":"/Users/maheshhp/Documents/ShopSocial/src/routes/api/v1/products/getProductById.js","statementMap":{"0":{"start":{"line":1,"column":23},"end":{"line":1,"column":49}},"1":{"start":{"line":3,"column":23},"end":{"line":9,"column":1}},"2":{"start":{"line":4,"column":18},"end":{"line":7,"column":3}},"3":{"start":{"line":8,"column":2},"end":{"line":8,"column":33}},"4":{"start":{"line":11,"column":0},"end":{"line":11,"column":32}}},"fnMap":{"0":{"name":"(anonymous_0)","decl":{"start":{"line":3,"column":23},"end":{"line":3,"column":24}},"loc":{"start":{"line":3,"column":38},"end":{"line":9,"column":1}},"line":3}},"branchMap":{},"s":{"0":3,"1":3,"2":6,"3":6,"4":3},"f":{"0":6},"b":{},"_coverageSchema":"332fd63041d2c1bcb487cc26dd0d5f7d97098a6c","hash":"4c8c17340847f4a2406b7f791f0e86feb1212fb2"}
,"/Users/maheshhp/Documents/ShopSocial/src/routes/api/v1/products/getProductsByCategoryAndPrice.js": {"path":"/Users/maheshhp/Documents/ShopSocial/src/routes/api/v1/products/getProductsByCategoryAndPrice.js","statementMap":{"0":{"start":{"line":1,"column":23},"end":{"line":1,"column":49}},"1":{"start":{"line":3,"column":38},"end":{"line":10,"column":1}},"2":{"start":{"line":4,"column":19},"end":{"line":4,"column":245}},"3":{"start":{"line":5,"column":18},"end":{"line":8,"column":3}},"4":{"start":{"line":9,"column":2},"end":{"line":9,"column":33}},"5":{"start":{"line":12,"column":0},"end":{"line":12,"column":47}}},"fnMap":{"0":{"name":"(anonymous_0)","decl":{"start":{"line":3,"column":38},"end":{"line":3,"column":39}},"loc":{"start":{"line":3,"column":56},"end":{"line":10,"column":1}},"line":3}},"branchMap":{},"s":{"0":1,"1":1,"2":2,"3":2,"4":2,"5":1},"f":{"0":2},"b":{},"_coverageSchema":"332fd63041d2c1bcb487cc26dd0d5f7d97098a6c","hash":"9e8ed29d74c8e9989af0fdb07c9c294add2f8bb4"}
,"/Users/maheshhp/Documents/ShopSocial/src/routes/api/v1/products/add/addProductById.js": {"path":"/Users/maheshhp/Documents/ShopSocial/src/routes/api/v1/products/add/addProductById.js","statementMap":{"0":{"start":{"line":1,"column":23},"end":{"line":1,"column":51}},"1":{"start":{"line":2,"column":15},"end":{"line":2,"column":51}},"2":{"start":{"line":4,"column":34},"end":{"line":4,"column":94}},"3":{"start":{"line":4,"column":51},"end":{"line":4,"column":94}},"4":{"start":{"line":6,"column":0},"end":{"line":43,"column":2}},"5":{"start":{"line":11,"column":6},"end":{"line":40,"column":9}},"6":{"start":{"line":12,"column":30},"end":{"line":12,"column":47}},"7":{"start":{"line":13,"column":8},"end":{"line":17,"column":9}},"8":{"start":{"line":14,"column":10},"end":{"line":14,"column":40}},"9":{"start":{"line":16,"column":10},"end":{"line":16,"column":52}},"10":{"start":{"line":18,"column":30},"end":{"line":28,"column":9}},"11":{"start":{"line":29,"column":8},"end":{"line":34,"column":11}},"12":{"start":{"line":30,"column":10},"end":{"line":33,"column":13}},"13":{"start":{"line":36,"column":8},"end":{"line":39,"column":11}}},"fnMap":{"0":{"name":"(anonymous_0)","decl":{"start":{"line":4,"column":34},"end":{"line":4,"column":35}},"loc":{"start":{"line":4,"column":51},"end":{"line":4,"column":94}},"line":4},"1":{"name":"(anonymous_1)","decl":{"start":{"line":10,"column":13},"end":{"line":10,"column":14}},"loc":{"start":{"line":10,"column":36},"end":{"line":41,"column":5}},"line":10},"2":{"name":"(anonymous_2)","decl":{"start":{"line":11,"column":52},"end":{"line":11,"column":53}},"loc":{"start":{"line":11,"column":64},"end":{"line":35,"column":7}},"line":11},"3":{"name":"(anonymous_3)","decl":{"start":{"line":29,"column":54},"end":{"line":29,"column":55}},"loc":{"start":{"line":29,"column":63},"end":{"line":34,"column":9}},"line":29},"4":{"name":"(anonymous_4)","decl":{"start":{"line":35,"column":15},"end":{"line":35,"column":16}},"loc":{"start":{"line":35,"column":26},"end":{"line":40,"column":7}},"line":35}},"branchMap":{"0":{"loc":{"start":{"line":13,"column":8},"end":{"line":17,"column":9}},"type":"if","locations":[{"start":{"line":13,"column":8},"end":{"line":17,"column":9}},{"start":{"line":13,"column":8},"end":{"line":17,"column":9}}],"line":13}},"s":{"0":2,"1":2,"2":2,"3":3,"4":2,"5":4,"6":3,"7":3,"8":0,"9":3,"10":3,"11":3,"12":3,"13":1},"f":{"0":3,"1":4,"2":3,"3":3,"4":1},"b":{"0":[0,3]},"_coverageSchema":"332fd63041d2c1bcb487cc26dd0d5f7d97098a6c","hash":"aae8502b6300836bd33c106448899b017c9a40a4"}
}
