TN:
SF:/Users/sahilbalodi/Desktop/ShopSocial/models/index.js
FN:20,(anonymous_0)
FN:21,(anonymous_1)
FN:26,(anonymous_2)
FNF:3
FNH:3
FNDA:2,(anonymous_0)
FNDA:1,(anonymous_1)
FNDA:1,(anonymous_2)
DA:3,1
DA:4,1
DA:5,1
DA:7,1
DA:8,1
DA:9,1
DA:10,1
DA:12,1
DA:13,0
DA:15,1
DA:18,1
DA:20,2
DA:22,1
DA:23,1
DA:26,1
DA:27,1
DA:28,0
DA:32,1
DA:33,1
DA:35,1
LF:20
LH:18
BRDA:8,0,0,1
BRDA:8,0,1,0
BRDA:12,1,0,0
BRDA:12,1,1,1
BRDA:20,2,0,2
BRDA:20,2,1,2
BRDA:20,2,2,1
BRDA:27,3,0,0
BRDA:27,3,1,1
BRF:9
BRH:6
end_of_record
TN:
SF:/Users/sahilbalodi/Desktop/ShopSocial/models/userdetails.js
FN:2,(anonymous_0)
FNF:1
FNH:1
FNDA:1,(anonymous_0)
DA:2,1
DA:3,1
DA:17,1
LF:3
LH:3
BRF:0
BRH:0
end_of_record
TN:
SF:/Users/sahilbalodi/Desktop/ShopSocial/src/server.js
FN:21,(anonymous_0)
FNF:1
FNH:0
FNDA:0,(anonymous_0)
DA:1,1
DA:2,1
DA:4,1
DA:7,1
DA:8,1
DA:10,0
DA:13,1
DA:18,1
DA:20,1
DA:21,0
DA:22,0
DA:23,0
DA:25,0
DA:29,1
LF:14
LH:9
BRDA:7,0,0,1
BRDA:7,0,1,0
BRDA:8,1,0,0
BRDA:8,1,1,1
BRDA:10,2,0,0
BRDA:10,2,1,0
BRDA:20,3,0,0
BRDA:20,3,1,1
BRDA:22,4,0,0
BRDA:22,4,1,0
BRF:10
BRH:3
end_of_record
TN:
SF:/Users/sahilbalodi/Desktop/ShopSocial/src/routes/getRequest.js
FN:5,(anonymous_0)
FNF:1
FNH:1
FNDA:1,(anonymous_0)
DA:1,1
DA:6,1
LF:2
LH:2
BRF:0
BRH:0
end_of_record
TN:
SF:/Users/sahilbalodi/Desktop/ShopSocial/src/routes/index.js
FNF:0
FNH:0
DA:1,1
DA:3,1
LF:2
LH:2
BRF:0
BRH:0
end_of_record
