TN:
SF:/Users/maheshhp/Documents/ShopSocial/models/index.js
FN:20,(anonymous_0)
FN:21,(anonymous_1)
FN:26,(anonymous_2)
FNF:3
FNH:3
FNDA:12,(anonymous_0)
FNDA:8,(anonymous_1)
FNDA:8,(anonymous_2)
DA:3,4
DA:4,4
DA:5,4
DA:7,4
DA:8,4
DA:9,4
DA:10,4
DA:12,4
DA:13,0
DA:15,4
DA:18,4
DA:20,12
DA:22,8
DA:23,8
DA:26,4
DA:27,8
DA:28,0
DA:32,4
DA:33,4
DA:35,4
LF:20
LH:18
BRDA:8,0,0,4
BRDA:8,0,1,0
BRDA:12,1,0,0
BRDA:12,1,1,4
BRDA:20,2,0,12
BRDA:20,2,1,12
BRDA:20,2,2,8
BRDA:27,3,0,0
BRDA:27,3,1,8
BRF:9
BRH:6
end_of_record
TN:
SF:/Users/maheshhp/Documents/ShopSocial/models/productdetails.js
FN:2,(anonymous_0)
FNF:1
FNH:1
FNDA:4,(anonymous_0)
DA:2,4
DA:3,4
DA:23,4
LF:3
LH:3
BRF:0
BRH:0
end_of_record
TN:
SF:/Users/maheshhp/Documents/ShopSocial/models/userdetails.js
FN:2,(anonymous_0)
FNF:1
FNH:1
FNDA:4,(anonymous_0)
DA:2,4
DA:3,4
DA:17,4
LF:3
LH:3
BRF:0
BRH:0
end_of_record
TN:
SF:/Users/maheshhp/Documents/ShopSocial/src/server.js
FN:21,(anonymous_0)
FNF:1
FNH:0
FNDA:0,(anonymous_0)
DA:1,2
DA:2,2
DA:4,2
DA:7,2
DA:8,2
DA:10,0
DA:13,2
DA:18,2
DA:20,2
DA:21,0
DA:22,0
DA:23,0
DA:25,0
DA:29,2
LF:14
LH:9
BRDA:7,0,0,2
BRDA:7,0,1,0
BRDA:8,1,0,0
BRDA:8,1,1,2
BRDA:10,2,0,0
BRDA:10,2,1,0
BRDA:20,3,0,0
BRDA:20,3,1,2
BRDA:22,4,0,0
BRDA:22,4,1,0
BRF:10
BRH:3
end_of_record
TN:
SF:/Users/maheshhp/Documents/ShopSocial/src/routes/getRequest.js
FN:5,(anonymous_0)
FNF:1
FNH:1
FNDA:1,(anonymous_0)
DA:1,2
DA:6,1
LF:2
LH:2
BRF:0
BRH:0
end_of_record
TN:
SF:/Users/maheshhp/Documents/ShopSocial/src/routes/index.js
FNF:0
FNH:0
DA:1,2
DA:2,2
DA:4,2
LF:3
LH:3
BRF:0
BRH:0
end_of_record
TN:
SF:/Users/maheshhp/Documents/ShopSocial/src/routes/api/v1/products/getProductById.js
FN:3,(anonymous_0)
FNF:1
FNH:1
FNDA:6,(anonymous_0)
DA:1,3
DA:3,3
DA:4,6
DA:8,6
DA:11,3
LF:5
LH:5
BRF:0
BRH:0
end_of_record
TN:
SF:/Users/maheshhp/Documents/ShopSocial/src/routes/api/v1/products/add/addProductById.js
FN:8,(anonymous_0)
FN:9,(anonymous_1)
FN:26,(anonymous_2)
FN:32,(anonymous_3)
FNF:4
FNH:4
FNDA:4,(anonymous_0)
FNDA:3,(anonymous_1)
FNDA:3,(anonymous_2)
FNDA:1,(anonymous_3)
DA:1,2
DA:2,2
DA:4,2
DA:9,4
DA:10,3
DA:11,3
DA:12,0
DA:14,3
DA:16,3
DA:27,3
DA:33,1
LF:11
LH:10
BRDA:11,0,0,0
BRDA:11,0,1,3
BRF:2
BRH:1
end_of_record
